<?xml version="1.0" encoding="UTF-8"?>
<!-- Generated by org.testng.reporters.JUnitReportReporter -->
<testsuite hostname="Akshay-PC" failures="0" tests="3" name="Demo1.Test1" time="10.061" errors="0" timestamp="2023-09-22T15:56:33 IST" skipped="2">
  <testcase classname="Demo1.Test1" name="login" time="10.061"/>
  <system-out/>
  <testcase classname="Demo1.Test1" name="emailsTypes">
    <skipped/>
  </testcase> <!-- emailsTypes -->
  <system-out/>
  <testcase classname="Demo1.Test1" name="users">
    <skipped/>
  </testcase> <!-- users -->
  <system-out/>
</testsuite> <!-- Demo1.Test1 -->
